{
  "RSpec": {
    "coverage": {
      "/Users/eclecticcoding/development/projects/rails_orthodox_journey/app/models/user.rb": {
        "lines": [
          null,
          null,
          null,
          null,
          null,
          null,
          null,
          null,
          null,
          null,
          null,
          null,
          null,
          null,
          null,
          null,
          null,
          null,
          null,
          null,
          null,
          null,
          null,
          null,
          null,
          null,
          null,
          null,
          null,
          null,
          1,
          1,
          1,
          null,
          null,
          null,
          1,
          null,
          1,
          null,
          1,
          null,
          null,
          1,
          null
        ]
      },
      "/Users/eclecticcoding/development/projects/rails_orthodox_journey/app/models/application_record.rb": {
        "lines": [
          1,
          1,
          null
        ]
      },
      "/Users/eclecticcoding/development/projects/rails_orthodox_journey/app/helpers/application_helper.rb": {
        "lines": [
          1,
          1,
          7,
          7,
          null,
          null
        ]
      },
      "/Users/eclecticcoding/development/projects/rails_orthodox_journey/app/helpers/users_helper.rb": {
        "lines": [
          1,
          null,
          null,
          null,
          1,
          null,
          1,
          11,
          11,
          11,
          null,
          null
        ]
      },
      "/Users/eclecticcoding/development/projects/rails_orthodox_journey/app/models/book.rb": {
        "lines": [
          null,
          null,
          null,
          null,
          null,
          null,
          null,
          null,
          null,
          null,
          null,
          null,
          null,
          null,
          null,
          null,
          1,
          1,
          null,
          1,
          1,
          null,
          1,
          null,
          1,
          1,
          1,
          null,
          1,
          1,
          1,
          null,
          1,
          null,
          1,
          13,
          13,
          null,
          null,
          1,
          9,
          null,
          null,
          1,
          13,
          0,
          null,
          null,
          null
        ]
      },
      "/Users/eclecticcoding/development/projects/rails_orthodox_journey/app/policies/application_policy.rb": {
        "lines": [
          null,
          null,
          1,
          1,
          null,
          1,
          12,
          12,
          null,
          null,
          1,
          1,
          null,
          null,
          1,
          1,
          null,
          null,
          1,
          2,
          null,
          null,
          1,
          1,
          null,
          null,
          1,
          2,
          null,
          null,
          1,
          1,
          null,
          null,
          1,
          1,
          null,
          null,
          1,
          1,
          1,
          1,
          null,
          null,
          1,
          1,
          null,
          null,
          1,
          null,
          1,
          null,
          null
        ]
      },
      "/Users/eclecticcoding/development/projects/rails_orthodox_journey/app/policies/books_policy.rb": {
        "lines": [
          1,
          1,
          1,
          null,
          null,
          1,
          1,
          null,
          null
        ]
      },
      "/Users/eclecticcoding/development/projects/rails_orthodox_journey/app/controllers/application_controller.rb": {
        "lines": [
          1,
          1,
          null,
          null,
          null,
          null,
          null,
          null,
          1,
          null,
          1,
          null,
          1,
          null,
          1,
          null,
          1,
          2,
          2,
          null,
          null,
          1,
          0,
          0,
          null,
          0,
          null,
          null,
          null,
          null,
          null,
          null,
          null,
          null,
          null
        ]
      },
      "/Users/eclecticcoding/development/projects/rails_orthodox_journey/app/views/components/book_row/component.rb": {
        "lines": [
          null,
          null,
          1,
          1,
          null,
          1,
          0,
          0,
          0,
          null,
          0,
          null,
          null,
          null,
          null
        ]
      },
      "/Users/eclecticcoding/development/projects/rails_orthodox_journey/app/views/components/application_view_component.rb": {
        "lines": [
          1,
          1,
          1,
          null
        ]
      },
      "/Users/eclecticcoding/development/projects/rails_orthodox_journey/app/views/components/form_card/component.rb": {
        "lines": [
          null,
          null,
          1,
          1,
          null
        ]
      },
      "/Users/eclecticcoding/development/projects/rails_orthodox_journey/app/views/components/page_title/component.rb": {
        "lines": [
          null,
          null,
          1,
          1,
          null
        ]
      },
      "/Users/eclecticcoding/development/projects/rails_orthodox_journey/app/views/components/user_row/component.rb": {
        "lines": [
          null,
          null,
          1,
          1,
          null,
          1,
          null,
          1,
          1,
          null,
          null
        ]
      },
      "/Users/eclecticcoding/development/projects/rails_orthodox_journey/app/models/book_metadata.rb": {
        "lines": [
          null,
          1,
          1,
          null,
          1,
          1,
          null,
          1,
          0,
          null,
          0,
          null,
          null,
          1,
          1,
          null,
          null,
          1,
          2,
          null,
          null,
          1,
          2,
          4,
          2,
          null,
          null,
          1,
          2,
          null,
          null,
          1,
          2,
          null,
          null
        ]
      },
      "/Users/eclecticcoding/development/projects/rails_orthodox_journey/app/controllers/admin/books_controller.rb": {
        "lines": [
          1,
          1,
          1,
          null,
          1,
          null,
          1,
          1,
          null,
          1,
          null,
          null,
          1,
          null,
          null,
          1,
          1,
          null,
          null,
          1,
          0,
          0,
          null,
          0,
          0,
          null,
          0,
          null,
          null,
          null,
          1,
          null,
          null,
          1,
          0,
          0,
          null,
          0,
          null,
          null,
          null,
          1,
          null,
          1,
          0,
          null,
          null,
          0,
          0,
          null,
          null,
          null,
          null,
          1,
          2,
          null,
          null
        ]
      },
      "/Users/eclecticcoding/development/projects/rails_orthodox_journey/app/policies/admin_policy.rb": {
        "lines": [
          1,
          1,
          null,
          1,
          2,
          null,
          null,
          1,
          1,
          null,
          null
        ]
      },
      "/Users/eclecticcoding/development/projects/rails_orthodox_journey/app/controllers/admin/dashboard_controller.rb": {
        "lines": [
          1,
          1,
          null,
          1,
          1,
          null,
          null
        ]
      },
      "/Users/eclecticcoding/development/projects/rails_orthodox_journey/app/controllers/admin/application_controller.rb": {
        "lines": [
          1,
          1,
          1,
          null,
          1,
          1,
          null,
          null
        ]
      },
      "/Users/eclecticcoding/development/projects/rails_orthodox_journey/app/controllers/admin/users_controller.rb": {
        "lines": [
          1,
          1,
          null,
          1,
          null,
          1,
          1,
          null,
          1,
          null,
          null,
          1,
          null,
          null
        ]
      },
      "/Users/eclecticcoding/development/projects/rails_orthodox_journey/app/controllers/books/subscriptions_controller.rb": {
        "lines": [
          1,
          1,
          1,
          null,
          1,
          1,
          1,
          1,
          null,
          0,
          null,
          null,
          null,
          1,
          null,
          1,
          1,
          null,
          null
        ]
      },
      "/Users/eclecticcoding/development/projects/rails_orthodox_journey/app/models/subscription.rb": {
        "lines": [
          null,
          null,
          null,
          null,
          null,
          null,
          null,
          null,
          null,
          null,
          null,
          null,
          null,
          null,
          null,
          null,
          null,
          null,
          null,
          null,
          null,
          1,
          1,
          1,
          null,
          1,
          null
        ]
      },
      "/Users/eclecticcoding/development/projects/rails_orthodox_journey/app/controllers/books_controller.rb": {
        "lines": [
          1,
          1,
          1,
          null,
          null,
          1,
          1,
          null,
          null
        ]
      },
      "/Users/eclecticcoding/development/projects/rails_orthodox_journey/app/controllers/static_controller.rb": {
        "lines": [
          1,
          1,
          null,
          null
        ]
      },
      "/Users/eclecticcoding/development/projects/rails_orthodox_journey/app/controllers/users/books_controller.rb": {
        "lines": [
          1,
          1,
          null,
          1,
          null,
          1,
          1,
          1,
          null,
          null,
          1,
          null,
          null
        ]
      },
      "/Users/eclecticcoding/development/projects/rails_orthodox_journey/app/controllers/users_controller.rb": {
        "lines": [
          1,
          1,
          null,
          1,
          null,
          1,
          null,
          null
        ]
      },
      "/Users/eclecticcoding/development/projects/rails_orthodox_journey/app/views/components/application_view_component_preview.rb": {
        "lines": [
          1,
          1,
          null
        ]
      },
      "/Users/eclecticcoding/development/projects/rails_orthodox_journey/app/views/components/book_row/preview.rb": {
        "lines": [
          null,
          null,
          1,
          null,
          null,
          null,
          1,
          null,
          null
        ]
      },
      "/Users/eclecticcoding/development/projects/rails_orthodox_journey/app/views/components/form_card/preview.rb": {
        "lines": [
          null,
          null,
          1,
          null,
          null,
          null,
          1,
          null,
          null
        ]
      },
      "/Users/eclecticcoding/development/projects/rails_orthodox_journey/app/views/components/page_title/preview.rb": {
        "lines": [
          null,
          null,
          1,
          null,
          null,
          null,
          1,
          null,
          null
        ]
      },
      "/Users/eclecticcoding/development/projects/rails_orthodox_journey/app/views/components/user_row/preview.rb": {
        "lines": [
          null,
          null,
          1,
          null,
          null,
          null,
          1,
          null,
          null
        ]
      }
    },
    "timestamp": 1729098800
  }
}
